2024-12-03 21:04:25,903 INFO o.a.j.u.JMeterUtils: Setting Locale to en_EN
2024-12-03 21:04:25,915 INFO o.a.j.JMeter: Loading user properties from: /opt/homebrew/Cellar/jmeter/5.6.3/libexec/bin/user.properties
2024-12-03 21:04:25,915 INFO o.a.j.JMeter: Loading system properties from: /opt/homebrew/Cellar/jmeter/5.6.3/libexec/bin/system.properties
2024-12-03 21:04:25,918 INFO o.a.j.JMeter: Copyright (c) 1998-2024 The Apache Software Foundation
2024-12-03 21:04:25,918 INFO o.a.j.JMeter: Version 5.6.3
2024-12-03 21:04:25,918 INFO o.a.j.JMeter: java.version=21.0.5
2024-12-03 21:04:25,918 INFO o.a.j.JMeter: java.vm.name=OpenJDK 64-Bit Server VM
2024-12-03 21:04:25,918 INFO o.a.j.JMeter: os.name=Mac OS X
2024-12-03 21:04:25,918 INFO o.a.j.JMeter: os.arch=aarch64
2024-12-03 21:04:25,918 INFO o.a.j.JMeter: os.version=15.1.1
2024-12-03 21:04:25,918 INFO o.a.j.JMeter: file.encoding=UTF-8
2024-12-03 21:04:25,918 INFO o.a.j.JMeter: java.awt.headless=true
2024-12-03 21:04:25,918 INFO o.a.j.JMeter: Max memory     =1073741824
2024-12-03 21:04:25,918 INFO o.a.j.JMeter: Available Processors =8
2024-12-03 21:04:25,923 INFO o.a.j.JMeter: Default Locale=English (EN)
2024-12-03 21:04:25,923 INFO o.a.j.JMeter: JMeter  Locale=English (EN)
2024-12-03 21:04:25,924 INFO o.a.j.JMeter: JMeterHome=/opt/homebrew/Cellar/jmeter/5.6.3/libexec
2024-12-03 21:04:25,924 INFO o.a.j.JMeter: user.dir  =/Users/kaloslazo/CompHub/ExamenFinalSoftware/app
2024-12-03 21:04:25,924 INFO o.a.j.JMeter: PWD       =/Users/kaloslazo/CompHub/ExamenFinalSoftware/app
2024-12-03 21:04:25,974 INFO o.a.j.JMeter: IP: 10.100.242.104 Name: mbp FullName: 10.100.242.104
2024-12-03 21:04:25,980 ERROR o.a.j.JMeter: An error occurred: 
org.apache.jmeter.report.config.ConfigurationException: The file /Users/kaloslazo/CompHub/ExamenFinalSoftware/app/app/tests/jmeter/test_plan.jmx doesn't exist or can't be opened
	at org.apache.jmeter.JMeter.runNonGui(JMeter.java:950) ~[ApacheJMeter_core.jar:5.6.3]
	at org.apache.jmeter.JMeter.startNonGui(JMeter.java:940) ~[ApacheJMeter_core.jar:5.6.3]
	at org.apache.jmeter.JMeter.start(JMeter.java:508) [ApacheJMeter_core.jar:5.6.3]
	at java.base/jdk.internal.reflect.DirectMethodHandleAccessor.invoke(DirectMethodHandleAccessor.java:103) ~[?:?]
	at java.base/java.lang.reflect.Method.invoke(Method.java:580) ~[?:?]
	at org.apache.jmeter.NewDriver.main(NewDriver.java:259) [ApacheJMeter.jar:5.6.3]
